<?xml version="1.0" encoding="UTF-8"?>
<!-- Generated by org.testng.reporters.JUnitReportReporter -->
<testsuite hostname="SVWIN00058" name="keyword.framework.RunScripts" tests="1" failures="0" timestamp="14 Sep 2016 05:15:28 GMT" time="78.222" errors="0">
  <testcase name="runScripts" time="78.222" classname="keyword.framework.RunScripts"/>
</testsuite> <!-- keyword.framework.RunScripts -->
